<?xml version='1.0' encoding='UTF-8'?>
<testsuite hostname="comp1" name="mainPage" tests="1" errors="0" failures="1" skipped="0" time="1322.29" timestamp="2020-04-19T11:38:16">
                     <properties>
[...]
</properties>
                     <testcase classname="mainPage" name="" time="1322.29">
                                                 <failure message="java.lang.reflect.InvocationTargetException: null" type="sbt.ForkMain$ForkError">sbt.ForkMain$ForkError: java.lang.reflect.InvocationTargetException: null
	at java.base/jdk.internal.reflect.NativeConstructorAccessorImpl.newInstance0(Native Method)
	at java.base/jdk.internal.reflect.NativeConstructorAccessorImpl.newInstance(NativeConstructorAccessorImpl.java:62)
	at java.base/jdk.internal.reflect.DelegatingConstructorAccessorImpl.newInstance(DelegatingConstructorAccessorImpl.java:45)
	at java.base/java.lang.reflect.Constructor.newInstanceWithCaller(Constructor.java:500)
	at java.base/java.lang.reflect.Constructor.newInstance(Constructor.java:481)
	at io.gatling.app.Runner.run0(Runner.scala:74)
	at io.gatling.app.Runner.run(Runner.scala:60)
	at io.gatling.app.Gatling$.start(Gatling.scala:80)
	at io.gatling.app.Gatling$.fromArgs(Gatling.scala:46)
	at io.gatling.sbt.GatlingTask.liftedTree1$1(GatlingTask.scala:52)
	at io.gatling.sbt.GatlingTask.execute(GatlingTask.scala:51)
	at sbt.ForkMain$Run.lambda$runTest$1(ForkMain.java:304)
	at java.base/java.util.concurrent.FutureTask.run(FutureTask.java:264)
	at java.base/java.util.concurrent.ThreadPoolExecutor.runWorker(ThreadPoolExecutor.java:1128)
	at java.base/java.util.concurrent.ThreadPoolExecutor$Worker.run(ThreadPoolExecutor.java:628)
	at java.base/java.lang.Thread.run(Thread.java:830)
Caused by: sbt.ForkMain$ForkError: java.lang.IllegalArgumentException: Could not locate feeder file: Resource search.csv not found
	at io.gatling.core.feeder.FeederSupport.separatedValues(FeederSupport.scala:45)
	at io.gatling.core.feeder.FeederSupport.separatedValues$(FeederSupport.scala:40)
	at io.gatling.core.Predef$.separatedValues(Predef.scala:24)
	at io.gatling.core.feeder.FeederSupport.csv(FeederSupport.scala:34)
	at io.gatling.core.feeder.FeederSupport.csv$(FeederSupport.scala:33)
	at io.gatling.core.Predef$.csv(Predef.scala:24)
	at mainPage$deleteComp$.&lt;init&gt;(mainPage.scala:40)
	at mainPage.deleteComp$lzycompute$1(mainPage.scala:39)
	at mainPage.deleteComp(mainPage.scala:39)
	at mainPage.&lt;init&gt;(mainPage.scala:74)
	... 16 more
</failure>
                                               </testcase>
                     <system-out><![CDATA[]]></system-out>
                     <system-err><![CDATA[]]></system-err>
                   </testsuite>