<?xml version='1.0' encoding='UTF-8'?>
<testsuite hostname="comp1" name="LoadTest" tests="1" errors="0" failures="1" skipped="0" time="94540.453" timestamp="2020-04-19T11:39:51">
                     <properties>
[...]
</properties>
                     <testcase classname="LoadTest" name="" time="94540.453">
                                                 <failure message="No Exception or message provided"/>
                                               </testcase>
                     <system-out><![CDATA[]]></system-out>
                     <system-err><![CDATA[]]></system-err>
                   </testsuite>